2025-06-29T21:52:06.732+05:30  INFO 22160 --- [paymentservice] [main] c.e.p.p.PaymentserviceApplication        : Starting PaymentserviceApplication using Java 17.0.12 with PID 22160 (C:\Users\Dell\Desktop\JPMC-POC\ecom-poc-1\ecom-microservices\payment-service\target\classes started by Dell in C:\Users\Dell\Desktop\JPMC-POC\ecom-poc-1\ecom-microservices\payment-service)
2025-06-29T21:52:06.755+05:30  INFO 22160 --- [paymentservice] [main] c.e.p.p.PaymentserviceApplication        : No active profile set, falling back to 1 default profile: "default"
2025-06-29T21:52:08.724+05:30  INFO 22160 --- [paymentservice] [main] .s.d.r.c.RepositoryConfigurationDelegate : Bootstrapping Spring Data JPA repositories in DEFAULT mode.
2025-06-29T21:52:08.935+05:30  INFO 22160 --- [paymentservice] [main] .s.d.r.c.RepositoryConfigurationDelegate : Finished Spring Data repository scanning in 199 ms. Found 1 JPA repository interface.
2025-06-29T21:52:09.505+05:30  INFO 22160 --- [paymentservice] [main] o.s.cloud.context.scope.GenericScope     : BeanFactory id=05573de9-6a9b-3734-a825-2492bb01c234
2025-06-29T21:52:10.547+05:30  INFO 22160 --- [paymentservice] [main] o.s.b.w.embedded.tomcat.TomcatWebServer  : Tomcat initialized with port 8083 (http)
2025-06-29T21:52:10.574+05:30  INFO 22160 --- [paymentservice] [main] o.apache.catalina.core.StandardService   : Starting service [Tomcat]
2025-06-29T21:52:10.576+05:30  INFO 22160 --- [paymentservice] [main] o.apache.catalina.core.StandardEngine    : Starting Servlet engine: [Apache Tomcat/10.1.41]
2025-06-29T21:52:10.740+05:30  INFO 22160 --- [paymentservice] [main] o.a.c.c.C.[Tomcat].[localhost].[/]       : Initializing Spring embedded WebApplicationContext
2025-06-29T21:52:10.742+05:30  INFO 22160 --- [paymentservice] [main] w.s.c.ServletWebServerApplicationContext : Root WebApplicationContext: initialization completed in 3882 ms
2025-06-29T21:52:11.456+05:30  INFO 22160 --- [paymentservice] [main] o.hibernate.jpa.internal.util.LogHelper  : HHH000204: Processing PersistenceUnitInfo [name: default]
2025-06-29T21:52:11.578+05:30  INFO 22160 --- [paymentservice] [main] org.hibernate.Version                    : HHH000412: Hibernate ORM core version 6.6.15.Final
2025-06-29T21:52:11.638+05:30  INFO 22160 --- [paymentservice] [main] o.h.c.internal.RegionFactoryInitiator    : HHH000026: Second-level cache disabled
2025-06-29T21:52:11.970+05:30  INFO 22160 --- [paymentservice] [main] o.s.o.j.p.SpringPersistenceUnitInfo      : No LoadTimeWeaver setup: ignoring JPA class transformer
2025-06-29T21:52:12.020+05:30  INFO 22160 --- [paymentservice] [main] com.zaxxer.hikari.HikariDataSource       : HikariPool-1 - Starting...
2025-06-29T21:52:12.238+05:30  INFO 22160 --- [paymentservice] [main] com.zaxxer.hikari.pool.HikariPool        : HikariPool-1 - Added connection org.postgresql.jdbc.PgConnection@42457891
2025-06-29T21:52:12.244+05:30  INFO 22160 --- [paymentservice] [main] com.zaxxer.hikari.HikariDataSource       : HikariPool-1 - Start completed.
2025-06-29T21:52:12.317+05:30  WARN 22160 --- [paymentservice] [main] org.hibernate.orm.deprecation            : HHH90000025: PostgreSQLDialect does not need to be specified explicitly using 'hibernate.dialect' (remove the property setting and it will be selected by default)
2025-06-29T21:52:12.356+05:30  INFO 22160 --- [paymentservice] [main] org.hibernate.orm.connections.pooling    : HHH10001005: Database info:
	Database JDBC URL [Connecting through datasource 'HikariDataSource (HikariPool-1)']
	Database driver: undefined/unknown
	Database version: 17.5
	Autocommit mode: undefined/unknown
	Isolation level: undefined/unknown
	Minimum pool size: undefined/unknown
	Maximum pool size: undefined/unknown
2025-06-29T21:52:13.713+05:30  INFO 22160 --- [paymentservice] [main] o.h.e.t.j.p.i.JtaPlatformInitiator       : HHH000489: No JTA platform available (set 'hibernate.transaction.jta.platform' to enable JTA platform integration)
2025-06-29T21:52:13.790+05:30  INFO 22160 --- [paymentservice] [main] j.LocalContainerEntityManagerFactoryBean : Initialized JPA EntityManagerFactory for persistence unit 'default'
2025-06-29T21:52:15.048+05:30  WARN 22160 --- [paymentservice] [main] JpaBaseConfiguration$JpaWebConfiguration : spring.jpa.open-in-view is enabled by default. Therefore, database queries may be performed during view rendering. Explicitly configure spring.jpa.open-in-view to disable this warning
2025-06-29T21:52:17.486+05:30  INFO 22160 --- [paymentservice] [main] DiscoveryClientOptionalArgsConfiguration : Eureka HTTP Client uses RestTemplate.
2025-06-29T21:52:17.631+05:30  WARN 22160 --- [paymentservice] [main] iguration$LoadBalancerCaffeineWarnLogger : Spring Cloud LoadBalancer is currently working with the default cache. While this cache implementation is useful for development and tests, it's recommended to use Caffeine cache in production.You can switch to using Caffeine cache, by adding it and org.springframework.cache.caffeine.CaffeineCacheManager to the classpath.
2025-06-29T21:52:17.649+05:30  INFO 22160 --- [paymentservice] [main] o.s.b.a.e.web.EndpointLinksResolver      : Exposing 27 endpoints beneath base path '/actuator'
2025-06-29T21:52:17.827+05:30  INFO 22160 --- [paymentservice] [main] o.s.c.n.eureka.InstanceInfoFactory       : Setting initial instance status as: STARTING
2025-06-29T21:52:17.873+05:30  INFO 22160 --- [paymentservice] [main] com.netflix.discovery.DiscoveryClient    : Initializing Eureka in region us-east-1
2025-06-29T21:52:17.881+05:30  INFO 22160 --- [paymentservice] [main] c.n.d.s.r.aws.ConfigClusterResolver      : Resolving eureka endpoints via configuration
2025-06-29T21:52:17.898+05:30  INFO 22160 --- [paymentservice] [main] com.netflix.discovery.DiscoveryClient    : Disable delta property : false
2025-06-29T21:52:17.899+05:30  INFO 22160 --- [paymentservice] [main] com.netflix.discovery.DiscoveryClient    : Single vip registry refresh property : null
2025-06-29T21:52:17.900+05:30  INFO 22160 --- [paymentservice] [main] com.netflix.discovery.DiscoveryClient    : Force full registry fetch : false
2025-06-29T21:52:17.901+05:30  INFO 22160 --- [paymentservice] [main] com.netflix.discovery.DiscoveryClient    : Application is null : false
2025-06-29T21:52:17.902+05:30  INFO 22160 --- [paymentservice] [main] com.netflix.discovery.DiscoveryClient    : Registered Applications size is zero : true
2025-06-29T21:52:17.904+05:30  INFO 22160 --- [paymentservice] [main] com.netflix.discovery.DiscoveryClient    : Application version is -1: true
2025-06-29T21:52:17.905+05:30  INFO 22160 --- [paymentservice] [main] com.netflix.discovery.DiscoveryClient    : Getting all instance registry info from the eureka server
2025-06-29T21:52:18.638+05:30  INFO 22160 --- [paymentservice] [main] com.netflix.discovery.DiscoveryClient    : The response status is 200
2025-06-29T21:52:18.642+05:30  INFO 22160 --- [paymentservice] [main] com.netflix.discovery.DiscoveryClient    : Starting heartbeat executor: renew interval is: 30
2025-06-29T21:52:18.646+05:30  INFO 22160 --- [paymentservice] [main] c.n.discovery.InstanceInfoReplicator     : InstanceInfoReplicator onDemand update allowed rate per min is 4
2025-06-29T21:52:18.651+05:30  INFO 22160 --- [paymentservice] [main] com.netflix.discovery.DiscoveryClient    : Discovery Client initialized at timestamp 1751214138650 with initial instances count: 3
2025-06-29T21:52:18.688+05:30  INFO 22160 --- [paymentservice] [main] o.s.c.n.e.s.EurekaServiceRegistry        : Registering application PAYMENTSERVICE with eureka with status UP
2025-06-29T21:52:18.691+05:30  INFO 22160 --- [paymentservice] [main] com.netflix.discovery.DiscoveryClient    : Saw local status change event StatusChangeEvent [timestamp=1751214138691, current=UP, previous=STARTING]
2025-06-29T21:52:18.707+05:30  INFO 22160 --- [paymentservice] [DiscoveryClient-InstanceInfoReplicator-%d] com.netflix.discovery.DiscoveryClient    : DiscoveryClient_PAYMENTSERVICE/Mukesh-Velusamy:paymentservice:8083: registering service...
2025-06-29T21:52:18.757+05:30  INFO 22160 --- [paymentservice] [main] o.s.b.w.embedded.tomcat.TomcatWebServer  : Tomcat started on port 8083 (http) with context path '/'
2025-06-29T21:52:18.759+05:30  INFO 22160 --- [paymentservice] [main] .s.c.n.e.s.EurekaAutoServiceRegistration : Updating port to 8083
2025-06-29T21:52:18.801+05:30  INFO 22160 --- [paymentservice] [DiscoveryClient-InstanceInfoReplicator-%d] com.netflix.discovery.DiscoveryClient    : DiscoveryClient_PAYMENTSERVICE/Mukesh-Velusamy:paymentservice:8083 - registration status: 204
2025-06-29T21:52:18.913+05:30  INFO 22160 --- [paymentservice] [main] c.e.p.p.PaymentserviceApplication        : Started PaymentserviceApplication in 13.437 seconds (process running for 14.202)
2025-06-29T21:56:04.913+05:30  INFO 22160 --- [paymentservice] [http-nio-8083-exec-1] o.a.c.c.C.[Tomcat].[localhost].[/]       : Initializing Spring DispatcherServlet 'dispatcherServlet'
2025-06-29T21:56:04.915+05:30  INFO 22160 --- [paymentservice] [http-nio-8083-exec-1] o.s.web.servlet.DispatcherServlet        : Initializing Servlet 'dispatcherServlet'
2025-06-29T21:56:04.922+05:30  INFO 22160 --- [paymentservice] [http-nio-8083-exec-1] o.s.web.servlet.DispatcherServlet        : Completed initialization in 5 ms
2025-06-29T21:56:05.159+05:30  INFO 22160 --- [paymentservice] [http-nio-8083-exec-1] c.e.p.p.controller.PaymentController     : Received payment initiation request: orderId = 9, method = CREDIT_CARD
2025-06-29T21:56:05.177+05:30  INFO 22160 --- [paymentservice] [http-nio-8083-exec-1] c.e.p.p.service.impl.PaymentServiceImpl  : Initiating payment for orderId: 9
2025-06-29T21:56:05.487+05:30  INFO 22160 --- [paymentservice] [http-nio-8083-exec-1] c.e.p.p.service.impl.PaymentServiceImpl  : Attempting to save payment with orderID: 9
2025-06-29T21:56:05.621+05:30  INFO 22160 --- [paymentservice] [http-nio-8083-exec-1] c.e.p.p.service.impl.PaymentServiceImpl  : Payment saved with ID: 7
2025-06-29T21:56:05.622+05:30  INFO 22160 --- [paymentservice] [http-nio-8083-exec-1] c.e.p.p.u.PaymentGatewaySimulator        : Simulating payment for method: CREDIT_CARD
2025-06-29T21:56:05.624+05:30  INFO 22160 --- [paymentservice] [http-nio-8083-exec-1] c.e.p.p.service.impl.PaymentServiceImpl  : Payment gateway result for method CREDIT_CARD: SUCCESS
2025-06-29T21:56:05.657+05:30  INFO 22160 --- [paymentservice] [http-nio-8083-exec-1] c.e.p.p.service.impl.PaymentServiceImpl  : Final payment response after status update: com.ecom.payment.paymentservice.dto.PaymentResponseDTO@328c07df
2025-06-29T21:56:05.718+05:30  INFO 22160 --- [paymentservice] [http-nio-8083-exec-1] o.a.k.clients.producer.ProducerConfig    : ProducerConfig values: 
	acks = -1
	auto.include.jmx.reporter = true
	batch.size = 16384
	bootstrap.servers = [localhost:9092]
	buffer.memory = 33554432
	client.dns.lookup = use_all_dns_ips
	client.id = paymentservice-producer-1
	compression.gzip.level = -1
	compression.lz4.level = 9
	compression.type = none
	compression.zstd.level = 3
	connections.max.idle.ms = 540000
	delivery.timeout.ms = 120000
	enable.idempotence = true
	enable.metrics.push = true
	interceptor.classes = []
	key.serializer = class org.apache.kafka.common.serialization.StringSerializer
	linger.ms = 0
	max.block.ms = 60000
	max.in.flight.requests.per.connection = 5
	max.request.size = 1048576
	metadata.max.age.ms = 300000
	metadata.max.idle.ms = 300000
	metadata.recovery.strategy = none
	metric.reporters = []
	metrics.num.samples = 2
	metrics.recording.level = INFO
	metrics.sample.window.ms = 30000
	partitioner.adaptive.partitioning.enable = true
	partitioner.availability.timeout.ms = 0
	partitioner.class = null
	partitioner.ignore.keys = false
	receive.buffer.bytes = 32768
	reconnect.backoff.max.ms = 1000
	reconnect.backoff.ms = 50
	request.timeout.ms = 30000
	retries = 2147483647
	retry.backoff.max.ms = 1000
	retry.backoff.ms = 100
	sasl.client.callback.handler.class = null
	sasl.jaas.config = null
	sasl.kerberos.kinit.cmd = /usr/bin/kinit
	sasl.kerberos.min.time.before.relogin = 60000
	sasl.kerberos.service.name = null
	sasl.kerberos.ticket.renew.jitter = 0.05
	sasl.kerberos.ticket.renew.window.factor = 0.8
	sasl.login.callback.handler.class = null
	sasl.login.class = null
	sasl.login.connect.timeout.ms = null
	sasl.login.read.timeout.ms = null
	sasl.login.refresh.buffer.seconds = 300
	sasl.login.refresh.min.period.seconds = 60
	sasl.login.refresh.window.factor = 0.8
	sasl.login.refresh.window.jitter = 0.05
	sasl.login.retry.backoff.max.ms = 10000
	sasl.login.retry.backoff.ms = 100
	sasl.mechanism = GSSAPI
	sasl.oauthbearer.clock.skew.seconds = 30
	sasl.oauthbearer.expected.audience = null
	sasl.oauthbearer.expected.issuer = null
	sasl.oauthbearer.header.urlencode = false
	sasl.oauthbearer.jwks.endpoint.refresh.ms = 3600000
	sasl.oauthbearer.jwks.endpoint.retry.backoff.max.ms = 10000
	sasl.oauthbearer.jwks.endpoint.retry.backoff.ms = 100
	sasl.oauthbearer.jwks.endpoint.url = null
	sasl.oauthbearer.scope.claim.name = scope
	sasl.oauthbearer.sub.claim.name = sub
	sasl.oauthbearer.token.endpoint.url = null
	security.protocol = PLAINTEXT
	security.providers = null
	send.buffer.bytes = 131072
	socket.connection.setup.timeout.max.ms = 30000
	socket.connection.setup.timeout.ms = 10000
	ssl.cipher.suites = null
	ssl.enabled.protocols = [TLSv1.2, TLSv1.3]
	ssl.endpoint.identification.algorithm = https
	ssl.engine.factory.class = null
	ssl.key.password = null
	ssl.keymanager.algorithm = SunX509
	ssl.keystore.certificate.chain = null
	ssl.keystore.key = null
	ssl.keystore.location = null
	ssl.keystore.password = null
	ssl.keystore.type = JKS
	ssl.protocol = TLSv1.3
	ssl.provider = null
	ssl.secure.random.implementation = null
	ssl.trustmanager.algorithm = PKIX
	ssl.truststore.certificates = null
	ssl.truststore.location = null
	ssl.truststore.password = null
	ssl.truststore.type = JKS
	transaction.timeout.ms = 60000
	transactional.id = null
	value.serializer = class org.springframework.kafka.support.serializer.JsonSerializer

2025-06-29T21:56:05.848+05:30  INFO 22160 --- [paymentservice] [http-nio-8083-exec-1] o.a.k.c.t.i.KafkaMetricsCollector        : initializing Kafka metrics collector
2025-06-29T21:56:05.955+05:30  INFO 22160 --- [paymentservice] [http-nio-8083-exec-1] o.a.k.clients.producer.KafkaProducer     : [Producer clientId=paymentservice-producer-1] Instantiated an idempotent producer.
2025-06-29T21:56:06.149+05:30  INFO 22160 --- [paymentservice] [http-nio-8083-exec-1] o.a.kafka.common.utils.AppInfoParser     : Kafka version: 3.9.1
2025-06-29T21:56:06.153+05:30  INFO 22160 --- [paymentservice] [http-nio-8083-exec-1] o.a.kafka.common.utils.AppInfoParser     : Kafka commitId: f745dfdcee2b9851
2025-06-29T21:56:06.156+05:30  INFO 22160 --- [paymentservice] [http-nio-8083-exec-1] o.a.kafka.common.utils.AppInfoParser     : Kafka startTimeMs: 1751214366142
2025-06-29T21:56:06.942+05:30  INFO 22160 --- [paymentservice] [kafka-producer-network-thread | paymentservice-producer-1] org.apache.kafka.clients.Metadata        : [Producer clientId=paymentservice-producer-1] Cluster ID: W6W0_kFiSHubhv9wM-e0pg
2025-06-29T21:56:06.945+05:30  INFO 22160 --- [paymentservice] [kafka-producer-network-thread | paymentservice-producer-1] o.a.k.c.p.internals.TransactionManager   : [Producer clientId=paymentservice-producer-1] ProducerId set to 10001 with epoch 0
2025-06-29T21:56:06.975+05:30  INFO 22160 --- [paymentservice] [http-nio-8083-exec-1] c.e.p.p.s.NotificationServiceClient      : Notification event sent to Kafka for user: mukeshmukey6353@gmail.com
2025-06-29T21:56:07.035+05:30  INFO 22160 --- [paymentservice] [http-nio-8083-exec-1] c.e.p.p.controller.PaymentController     : Payment initiated successfully: paymentId = 7, status = SUCCESS
2025-06-29T21:57:17.913+05:30  INFO 22160 --- [paymentservice] [AsyncResolver-bootstrap-executor-%d] c.n.d.s.r.aws.ConfigClusterResolver      : Resolving eureka endpoints via configuration
2025-06-29T22:02:17.919+05:30  INFO 22160 --- [paymentservice] [AsyncResolver-bootstrap-executor-%d] c.n.d.s.r.aws.ConfigClusterResolver      : Resolving eureka endpoints via configuration
